I:\C++\LLE\DEBUG\LLE.EXE
I:\C++\LLE\DEBUG\LLE.ILK
I:\C++\LLE\DEBUG\LLE.PDB
I:\C++\lle\lle\Debug\cl.command.1.tlog
I:\C++\lle\lle\Debug\CL.read.1.tlog
I:\C++\lle\lle\Debug\CL.write.1.tlog
I:\C++\lle\lle\Debug\link.540.read.1.tlog
I:\C++\lle\lle\Debug\link.540.write.1.tlog
I:\C++\lle\lle\Debug\link.540-cvtres.read.1.tlog
I:\C++\lle\lle\Debug\link.540-cvtres.write.1.tlog
I:\C++\lle\lle\Debug\link.command.1.tlog
I:\C++\lle\lle\Debug\link.read.1.tlog
I:\C++\lle\lle\Debug\link.write.1.tlog
I:\C++\lle\lle\Debug\link-cvtres.read.1.tlog
I:\C++\lle\lle\Debug\link-cvtres.write.1.tlog
I:\C++\LLE\LLE\DEBUG\LLE.EXE.EMBED.MANIFEST
I:\C++\LLE\LLE\DEBUG\LLE.EXE.EMBED.MANIFEST.RES
I:\C++\LLE\LLE\DEBUG\LLE.EXE.INTERMEDIATE.MANIFEST
I:\C++\LLE\LLE\DEBUG\LLE.OBJ
I:\C++\lle\lle\Debug\lle.vcxprojResolveAssemblyReference.cache
I:\C++\lle\lle\Debug\lle.write.1.tlog
I:\C++\lle\lle\Debug\lle_manifest.rc
I:\C++\lle\lle\Debug\mt.command.1.tlog
I:\C++\lle\lle\Debug\mt.read.1.tlog
I:\C++\lle\lle\Debug\mt.write.1.tlog
I:\C++\lle\lle\Debug\rc.command.1.tlog
I:\C++\lle\lle\Debug\rc.read.1.tlog
I:\C++\lle\lle\Debug\rc.write.1.tlog
I:\C++\lle\lle\Debug\vc100.idb
I:\C++\LLE\LLE\DEBUG\VC100.PDB
