Построение начато 12.12.2017 12:43:01.
     1>Проект "c:\Users\Desaf\documents\visual studio 2010\Projects\Штота с производными классами\Штота с производными классами\Штота с производными классами.vcxproj" в узле 2 (целевые объекты build).
     1>PrepareForBuild:
         Создание каталога "c:\users\desaf\documents\visual studio 2010\Projects\Штота с производными классами\Debug\".
       InitializeBuildStatus:
         Создание "Debug\Штота с производными классами.unsuccessfulbuild", так как было задано "AlwaysCreate".
       ClCompile:
         C:\Program Files (x86)\Microsoft Visual Studio 10.0\VC\bin\CL.exe /c /ZI /nologo /W3 /WX- /Od /Oy- /D WIN32 /D _DEBUG /D _CONSOLE /D _UNICODE /D UNICODE /Gm /EHsc /RTC1 /MDd /GS /fp:precise /Zc:wchar_t /Zc:forScope /Yc"StdAfx.h" /Fp"Debug\Штота с производными классами.pch" /Fo"Debug\\" /Fd"Debug\vc100.pdb" /Gd /TP /analyze- /errorReport:prompt stdafx.cpp
         stdafx.cpp
         C:\Program Files (x86)\Microsoft Visual Studio 10.0\VC\bin\CL.exe /c /ZI /nologo /W3 /WX- /Od /Oy- /D WIN32 /D _DEBUG /D _CONSOLE /D _UNICODE /D UNICODE /Gm /EHsc /RTC1 /MDd /GS /fp:precise /Zc:wchar_t /Zc:forScope /Yu"StdAfx.h" /Fp"Debug\Штота с производными классами.pch" /Fo"Debug\\" /Fd"Debug\vc100.pdb" /Gd /TP /analyze- /errorReport:prompt "Штота с производными классами.cpp"
         Штота с производными классами.cpp
       ManifestResourceCompile:
         C:\Program Files (x86)\Microsoft SDKs\Windows\v7.0A\bin\rc.exe /nologo /fo"Debug\Штота с производными классами.exe.embed.manifest.res" "Debug\Штота с производными классами_manifest.rc" 
       Link:
         C:\Program Files (x86)\Microsoft Visual Studio 10.0\VC\bin\link.exe /ERRORREPORT:PROMPT /OUT:"c:\users\desaf\documents\visual studio 2010\Projects\Штота с производными классами\Debug\Штота с производными классами.exe" /INCREMENTAL /NOLOGO kernel32.lib user32.lib gdi32.lib winspool.lib comdlg32.lib advapi32.lib shell32.lib ole32.lib oleaut32.lib uuid.lib odbc32.lib odbccp32.lib /MANIFEST /ManifestFile:"Debug\Штота с производными классами.exe.intermediate.manifest" /MANIFESTUAC:"level='asInvoker' uiAccess='false'" /DEBUG /PDB:"c:\users\desaf\documents\visual studio 2010\Projects\Штота с производными классами\Debug\Штота с производными классами.pdb" /SUBSYSTEM:CONSOLE /TLBID:1 /DYNAMICBASE /NXCOMPAT /IMPLIB:"c:\users\desaf\documents\visual studio 2010\Projects\Штота с производными классами\Debug\Штота с производными классами.lib" /MACHINE:X86 "Debug\Штота с производными классами.exe.embed.manifest.res"
         Debug\stdafx.obj
         "Debug\Штота с производными классами.obj"
       Manifest:
         C:\Program Files (x86)\Microsoft SDKs\Windows\v7.0A\bin\mt.exe /nologo /verbose /out:"Debug\Штота с производными классами.exe.embed.manifest" /manifest "Debug\Штота с производными классами.exe.intermediate.manifest"
         C:\Program Files (x86)\Microsoft SDKs\Windows\v7.0A\bin\rc.exe /nologo /fo"Debug\Штота с производными классами.exe.embed.manifest.res" "Debug\Штота с производными классами_manifest.rc" 
       LinkEmbedManifest:
         C:\Program Files (x86)\Microsoft Visual Studio 10.0\VC\bin\link.exe /ERRORREPORT:PROMPT /OUT:"c:\users\desaf\documents\visual studio 2010\Projects\Штота с производными классами\Debug\Штота с производными классами.exe" /INCREMENTAL /NOLOGO kernel32.lib user32.lib gdi32.lib winspool.lib comdlg32.lib advapi32.lib shell32.lib ole32.lib oleaut32.lib uuid.lib odbc32.lib odbccp32.lib /MANIFEST /ManifestFile:"Debug\Штота с производными классами.exe.intermediate.manifest" /MANIFESTUAC:"level='asInvoker' uiAccess='false'" /DEBUG /PDB:"c:\users\desaf\documents\visual studio 2010\Projects\Штота с производными классами\Debug\Штота с производными классами.pdb" /SUBSYSTEM:CONSOLE /TLBID:1 /DYNAMICBASE /NXCOMPAT /IMPLIB:"c:\users\desaf\documents\visual studio 2010\Projects\Штота с производными классами\Debug\Штота с производными классами.lib" /MACHINE:X86 "Debug\Штота с производными классами.exe.embed.manifest.res"
         Debug\stdafx.obj
         "Debug\Штота с производными классами.obj"
         Штота с производными классами.vcxproj -> c:\users\desaf\documents\visual studio 2010\Projects\Штота с производными классами\Debug\Штота с производными классами.exe
       FinalizeBuildStatus:
         Файл "Debug\Штота с производными классами.unsuccessfulbuild" удаляется.
         Обращение к "Debug\Штота с производными классами.lastbuildstate".
     1>Построение проекта "c:\Users\Desaf\documents\visual studio 2010\Projects\Штота с производными классами\Штота с производными классами\Штота с производными классами.vcxproj" завершено (целевые объекты build).

Построение успешно завершено.

Затраченное время: 00:00:01.65
