Построение начато 14.09.2017 17:16:46.
     1>Проект "c:\Users\Desaf\documents\visual studio 2010\Projects\Pract1\Pract1\Pract1.vcxproj" в узле 2 (целевые объекты build).
     1>InitializeBuildStatus:
         Обращение к "Debug\Pract1.unsuccessfulbuild".
       ClCompile:
         C:\Program Files (x86)\Microsoft Visual Studio 10.0\VC\bin\CL.exe /c /ZI /nologo /W3 /WX- /Od /Oy- /D WIN32 /D _DEBUG /D _CONSOLE /D _UNICODE /D UNICODE /Gm /EHsc /RTC1 /MDd /GS /fp:precise /Zc:wchar_t /Zc:forScope /Fo"Debug\\" /Fd"Debug\vc100.pdb" /Gd /TP /analyze- /errorReport:prompt Treugol.cpp
         Treugol.cpp
       ManifestResourceCompile:
         Для всех выходных данных обновления не требуется.
       Link:
         C:\Program Files (x86)\Microsoft Visual Studio 10.0\VC\bin\link.exe /ERRORREPORT:PROMPT /OUT:"c:\users\desaf\documents\visual studio 2010\Projects\Pract1\Debug\Pract1.exe" /INCREMENTAL /NOLOGO kernel32.lib user32.lib gdi32.lib winspool.lib comdlg32.lib advapi32.lib shell32.lib ole32.lib oleaut32.lib uuid.lib odbc32.lib odbccp32.lib /MANIFEST /ManifestFile:"Debug\Pract1.exe.intermediate.manifest" /MANIFESTUAC:"level='asInvoker' uiAccess='false'" /DEBUG /PDB:"c:\users\desaf\documents\visual studio 2010\Projects\Pract1\Debug\Pract1.pdb" /SUBSYSTEM:CONSOLE /TLBID:1 /DYNAMICBASE /NXCOMPAT /IMPLIB:"c:\users\desaf\documents\visual studio 2010\Projects\Pract1\Debug\Pract1.lib" /MACHINE:X86 Debug\Pract1.exe.embed.manifest.res
         Debug\Treugol.obj
       Manifest:
         C:\Program Files (x86)\Microsoft SDKs\Windows\v7.0A\bin\mt.exe /nologo /verbose /out:"Debug\Pract1.exe.embed.manifest" /manifest Debug\Pract1.exe.intermediate.manifest
         Для всех выходных данных обновления не требуется.
       LinkEmbedManifest:
         Для всех выходных данных обновления не требуется.
         Pract1.vcxproj -> c:\users\desaf\documents\visual studio 2010\Projects\Pract1\Debug\Pract1.exe
       FinalizeBuildStatus:
         Файл "Debug\Pract1.unsuccessfulbuild" удаляется.
         Обращение к "Debug\Pract1.lastbuildstate".
     1>Построение проекта "c:\Users\Desaf\documents\visual studio 2010\Projects\Pract1\Pract1\Pract1.vcxproj" завершено (целевые объекты build).

Построение успешно завершено.

Затраченное время: 00:00:00.42
