C:\USERS\DESAF\DOCUMENTS\VISUAL STUDIO 2010\PROJECTS\LAB6\DEBUG\LAB6.EXE
C:\USERS\DESAF\DOCUMENTS\VISUAL STUDIO 2010\PROJECTS\LAB6\DEBUG\LAB6.ILK
C:\USERS\DESAF\DOCUMENTS\VISUAL STUDIO 2010\PROJECTS\LAB6\DEBUG\LAB6.PDB
c:\Users\Desaf\documents\visual studio 2010\Projects\Lab6\Lab6\Debug\cl.command.1.tlog
c:\Users\Desaf\documents\visual studio 2010\Projects\Lab6\Lab6\Debug\CL.read.1.tlog
c:\Users\Desaf\documents\visual studio 2010\Projects\Lab6\Lab6\Debug\CL.write.1.tlog
C:\USERS\DESAF\DOCUMENTS\VISUAL STUDIO 2010\PROJECTS\LAB6\LAB6\DEBUG\LAB6.EXE.EMBED.MANIFEST
C:\USERS\DESAF\DOCUMENTS\VISUAL STUDIO 2010\PROJECTS\LAB6\LAB6\DEBUG\LAB6.EXE.EMBED.MANIFEST.RES
C:\USERS\DESAF\DOCUMENTS\VISUAL STUDIO 2010\PROJECTS\LAB6\LAB6\DEBUG\LAB6.EXE.INTERMEDIATE.MANIFEST
C:\USERS\DESAF\DOCUMENTS\VISUAL STUDIO 2010\PROJECTS\LAB6\LAB6\DEBUG\LAB6.OBJ
C:\USERS\DESAF\DOCUMENTS\VISUAL STUDIO 2010\PROJECTS\LAB6\LAB6\DEBUG\LAB6.PCH
c:\Users\Desaf\documents\visual studio 2010\Projects\Lab6\Lab6\Debug\Lab6.vcxprojResolveAssemblyReference.cache
c:\Users\Desaf\documents\visual studio 2010\Projects\Lab6\Lab6\Debug\Lab6.write.1.tlog
c:\Users\Desaf\documents\visual studio 2010\Projects\Lab6\Lab6\Debug\Lab6_manifest.rc
c:\Users\Desaf\documents\visual studio 2010\Projects\Lab6\Lab6\Debug\link.1268.read.1.tlog
c:\Users\Desaf\documents\visual studio 2010\Projects\Lab6\Lab6\Debug\link.1268.write.1.tlog
c:\Users\Desaf\documents\visual studio 2010\Projects\Lab6\Lab6\Debug\link.1268-cvtres.read.1.tlog
c:\Users\Desaf\documents\visual studio 2010\Projects\Lab6\Lab6\Debug\link.1268-cvtres.write.1.tlog
c:\Users\Desaf\documents\visual studio 2010\Projects\Lab6\Lab6\Debug\link.command.1.tlog
c:\Users\Desaf\documents\visual studio 2010\Projects\Lab6\Lab6\Debug\link.read.1.tlog
c:\Users\Desaf\documents\visual studio 2010\Projects\Lab6\Lab6\Debug\link.write.1.tlog
c:\Users\Desaf\documents\visual studio 2010\Projects\Lab6\Lab6\Debug\link-cvtres.read.1.tlog
c:\Users\Desaf\documents\visual studio 2010\Projects\Lab6\Lab6\Debug\link-cvtres.write.1.tlog
c:\Users\Desaf\documents\visual studio 2010\Projects\Lab6\Lab6\Debug\mt.command.1.tlog
c:\Users\Desaf\documents\visual studio 2010\Projects\Lab6\Lab6\Debug\mt.read.1.tlog
c:\Users\Desaf\documents\visual studio 2010\Projects\Lab6\Lab6\Debug\mt.write.1.tlog
c:\Users\Desaf\documents\visual studio 2010\Projects\Lab6\Lab6\Debug\rc.command.1.tlog
c:\Users\Desaf\documents\visual studio 2010\Projects\Lab6\Lab6\Debug\rc.read.1.tlog
c:\Users\Desaf\documents\visual studio 2010\Projects\Lab6\Lab6\Debug\rc.write.1.tlog
C:\USERS\DESAF\DOCUMENTS\VISUAL STUDIO 2010\PROJECTS\LAB6\LAB6\DEBUG\STDAFX.OBJ
c:\Users\Desaf\documents\visual studio 2010\Projects\Lab6\Lab6\Debug\vc100.idb
C:\USERS\DESAF\DOCUMENTS\VISUAL STUDIO 2010\PROJECTS\LAB6\LAB6\DEBUG\VC100.PDB
