Построение начато 30.10.2017 23:27:44.
     1>Проект "C:\Users\Desaf\documents\visual studio 2010\Projects\Lab6\Lab6\Lab6.vcxproj" в узле 2 (целевые объекты build).
     1>InitializeBuildStatus:
         Создание "Debug\Lab6.unsuccessfulbuild", так как было задано "AlwaysCreate".
       ClCompile:
         Для всех выходных данных обновления не требуется.
         C:\Program Files (x86)\Microsoft Visual Studio 10.0\VC\bin\CL.exe /c /ZI /nologo /W3 /WX- /Od /Oy- /D WIN32 /D _DEBUG /D _CONSOLE /D _UNICODE /D UNICODE /Gm /EHsc /RTC1 /MDd /GS /fp:precise /Zc:wchar_t /Zc:forScope /Yu"StdAfx.h" /Fp"Debug\Lab6.pch" /Fo"Debug\\" /Fd"Debug\vc100.pdb" /Gd /TP /analyze- /errorReport:prompt Lab6.cpp
         Lab6.cpp
     1>c:\users\desaf\documents\visual studio 2010\projects\lab6\lab6\lab6.cpp(34): warning C4244: аргумент: преобразование "time_t" в "unsigned int", возможна потеря данных
       ManifestResourceCompile:
         Для всех выходных данных обновления не требуется.
       Link:
         C:\Program Files (x86)\Microsoft Visual Studio 10.0\VC\bin\link.exe /ERRORREPORT:PROMPT /OUT:"C:\Users\Desaf\documents\visual studio 2010\Projects\Lab6\Debug\Lab6.exe" /INCREMENTAL /NOLOGO kernel32.lib user32.lib gdi32.lib winspool.lib comdlg32.lib advapi32.lib shell32.lib ole32.lib oleaut32.lib uuid.lib odbc32.lib odbccp32.lib /MANIFEST /ManifestFile:"Debug\Lab6.exe.intermediate.manifest" /MANIFESTUAC:"level='asInvoker' uiAccess='false'" /DEBUG /PDB:"C:\Users\Desaf\documents\visual studio 2010\Projects\Lab6\Debug\Lab6.pdb" /SUBSYSTEM:CONSOLE /TLBID:1 /DYNAMICBASE /NXCOMPAT /IMPLIB:"C:\Users\Desaf\documents\visual studio 2010\Projects\Lab6\Debug\Lab6.lib" /MACHINE:X86 Debug\Lab6.exe.embed.manifest.res
         Debug\Lab6.obj
         Debug\stdafx.obj
       Manifest:
         C:\Program Files (x86)\Microsoft SDKs\Windows\v7.0A\bin\mt.exe /nologo /verbose /out:"Debug\Lab6.exe.embed.manifest" /manifest Debug\Lab6.exe.intermediate.manifest
         Для всех выходных данных обновления не требуется.
       LinkEmbedManifest:
         Для всех выходных данных обновления не требуется.
         Lab6.vcxproj -> C:\Users\Desaf\documents\visual studio 2010\Projects\Lab6\Debug\Lab6.exe
       FinalizeBuildStatus:
         Файл "Debug\Lab6.unsuccessfulbuild" удаляется.
         Обращение к "Debug\Lab6.lastbuildstate".
     1>Построение проекта "C:\Users\Desaf\documents\visual studio 2010\Projects\Lab6\Lab6\Lab6.vcxproj" завершено (целевые объекты build).

Построение успешно завершено.

Затраченное время: 00:00:01.18
