Построение начато 18.09.2017 21:05:15.
     1>Проект "C:\Users\Desaf\Documents\Visual Studio 2010\Projects\Pract3\Pract3\Pract3.vcxproj" в узле 2 (целевые объекты build).
     1>InitializeBuildStatus:
         Создание "Debug\Pract3.unsuccessfulbuild", так как было задано "AlwaysCreate".
       ClCompile:
         Для всех выходных данных обновления не требуется.
         C:\Program Files (x86)\Microsoft Visual Studio 10.0\VC\bin\CL.exe /c /ZI /nologo /W3 /WX- /Od /Oy- /D WIN32 /D _DEBUG /D _CONSOLE /D _UNICODE /D UNICODE /Gm /EHsc /RTC1 /MDd /GS /fp:precise /Zc:wchar_t /Zc:forScope /Yu"StdAfx.h" /Fp"Debug\Pract3.pch" /Fo"Debug\\" /Fd"Debug\vc100.pdb" /Gd /TP /analyze- /errorReport:prompt Pract3.cpp
         Pract3.cpp
     1>c:\users\desaf\documents\visual studio 2010\projects\pract3\pract3\pract3.cpp(31): warning C4996: 'getch': The POSIX name for this item is deprecated. Instead, use the ISO C++ conformant name: _getch. See online help for details.
                 c:\program files (x86)\microsoft visual studio 10.0\vc\include\conio.h(128): см. объявление "getch"
       ManifestResourceCompile:
         Для всех выходных данных обновления не требуется.
       Link:
         C:\Program Files (x86)\Microsoft Visual Studio 10.0\VC\bin\link.exe /ERRORREPORT:PROMPT /OUT:"C:\Users\Desaf\Documents\Visual Studio 2010\Projects\Pract3\Debug\Pract3.exe" /INCREMENTAL /NOLOGO kernel32.lib user32.lib gdi32.lib winspool.lib comdlg32.lib advapi32.lib shell32.lib ole32.lib oleaut32.lib uuid.lib odbc32.lib odbccp32.lib /MANIFEST /ManifestFile:"Debug\Pract3.exe.intermediate.manifest" /MANIFESTUAC:"level='asInvoker' uiAccess='false'" /DEBUG /PDB:"C:\Users\Desaf\Documents\Visual Studio 2010\Projects\Pract3\Debug\Pract3.pdb" /SUBSYSTEM:CONSOLE /TLBID:1 /DYNAMICBASE /NXCOMPAT /IMPLIB:"C:\Users\Desaf\Documents\Visual Studio 2010\Projects\Pract3\Debug\Pract3.lib" /MACHINE:X86 Debug\Pract3.exe.embed.manifest.res
         Debug\Pract3.obj
         Debug\stdafx.obj
       Manifest:
         C:\Program Files (x86)\Microsoft SDKs\Windows\v7.0A\bin\mt.exe /nologo /verbose /out:"Debug\Pract3.exe.embed.manifest" /manifest Debug\Pract3.exe.intermediate.manifest
         Для всех выходных данных обновления не требуется.
       LinkEmbedManifest:
         Для всех выходных данных обновления не требуется.
         Pract3.vcxproj -> C:\Users\Desaf\Documents\Visual Studio 2010\Projects\Pract3\Debug\Pract3.exe
       FinalizeBuildStatus:
         Файл "Debug\Pract3.unsuccessfulbuild" удаляется.
         Обращение к "Debug\Pract3.lastbuildstate".
     1>Построение проекта "C:\Users\Desaf\Documents\Visual Studio 2010\Projects\Pract3\Pract3\Pract3.vcxproj" завершено (целевые объекты build).

Построение успешно завершено.

Затраченное время: 00:00:00.42
