c:\users\desaf\documents\visual studio 2010\projects\lab14\lab14\debug\lab14.pch
c:\users\desaf\documents\visual studio 2010\projects\lab14\lab14\debug\stdafx.obj
c:\users\desaf\documents\visual studio 2010\projects\lab14\lab14\debug\vc100.pdb
c:\users\desaf\documents\visual studio 2010\projects\lab14\lab14\debug\lab14.obj
c:\users\desaf\documents\visual studio 2010\projects\lab14\debug\lab14.ilk
c:\users\desaf\documents\visual studio 2010\projects\lab14\debug\lab14.exe
c:\users\desaf\documents\visual studio 2010\projects\lab14\lab14\debug\lab14.exe.intermediate.manifest
c:\users\desaf\documents\visual studio 2010\projects\lab14\debug\lab14.pdb
c:\users\desaf\documents\visual studio 2010\projects\lab14\lab14\debug\lab14.exe.embed.manifest
c:\users\desaf\documents\visual studio 2010\projects\lab14\lab14\debug\lab14.exe.embed.manifest.res
c:\users\desaf\documents\visual studio 2010\projects\lab14\lab14\debug\lab14.vcxprojresolveassemblyreference.cache
c:\users\desaf\documents\visual studio 2010\projects\lab14\lab14\debug\cl.command.1.tlog
c:\users\desaf\documents\visual studio 2010\projects\lab14\lab14\debug\cl.read.1.tlog
c:\users\desaf\documents\visual studio 2010\projects\lab14\lab14\debug\cl.write.1.tlog
c:\users\desaf\documents\visual studio 2010\projects\lab14\lab14\debug\lab14.write.1.tlog
c:\users\desaf\documents\visual studio 2010\projects\lab14\lab14\debug\link-cvtres.read.1.tlog
c:\users\desaf\documents\visual studio 2010\projects\lab14\lab14\debug\link-cvtres.write.1.tlog
c:\users\desaf\documents\visual studio 2010\projects\lab14\lab14\debug\link.2368-cvtres.read.1.tlog
c:\users\desaf\documents\visual studio 2010\projects\lab14\lab14\debug\link.2368-cvtres.write.1.tlog
c:\users\desaf\documents\visual studio 2010\projects\lab14\lab14\debug\link.2368.read.1.tlog
c:\users\desaf\documents\visual studio 2010\projects\lab14\lab14\debug\link.2368.write.1.tlog
c:\users\desaf\documents\visual studio 2010\projects\lab14\lab14\debug\link.5472-cvtres.read.1.tlog
c:\users\desaf\documents\visual studio 2010\projects\lab14\lab14\debug\link.5472-cvtres.write.1.tlog
c:\users\desaf\documents\visual studio 2010\projects\lab14\lab14\debug\link.5472.read.1.tlog
c:\users\desaf\documents\visual studio 2010\projects\lab14\lab14\debug\link.5472.write.1.tlog
c:\users\desaf\documents\visual studio 2010\projects\lab14\lab14\debug\link.7844-cvtres.read.1.tlog
c:\users\desaf\documents\visual studio 2010\projects\lab14\lab14\debug\link.7844-cvtres.write.1.tlog
c:\users\desaf\documents\visual studio 2010\projects\lab14\lab14\debug\link.7844.read.1.tlog
c:\users\desaf\documents\visual studio 2010\projects\lab14\lab14\debug\link.7844.write.1.tlog
c:\users\desaf\documents\visual studio 2010\projects\lab14\lab14\debug\link.964-cvtres.read.1.tlog
c:\users\desaf\documents\visual studio 2010\projects\lab14\lab14\debug\link.964-cvtres.write.1.tlog
c:\users\desaf\documents\visual studio 2010\projects\lab14\lab14\debug\link.964.read.1.tlog
c:\users\desaf\documents\visual studio 2010\projects\lab14\lab14\debug\link.964.write.1.tlog
c:\users\desaf\documents\visual studio 2010\projects\lab14\lab14\debug\link.command.1.tlog
c:\users\desaf\documents\visual studio 2010\projects\lab14\lab14\debug\link.read.1.tlog
c:\users\desaf\documents\visual studio 2010\projects\lab14\lab14\debug\link.write.1.tlog
c:\users\desaf\documents\visual studio 2010\projects\lab14\lab14\debug\mt.command.1.tlog
c:\users\desaf\documents\visual studio 2010\projects\lab14\lab14\debug\mt.read.1.tlog
c:\users\desaf\documents\visual studio 2010\projects\lab14\lab14\debug\mt.write.1.tlog
c:\users\desaf\documents\visual studio 2010\projects\lab14\lab14\debug\rc.command.1.tlog
c:\users\desaf\documents\visual studio 2010\projects\lab14\lab14\debug\rc.read.1.tlog
c:\users\desaf\documents\visual studio 2010\projects\lab14\lab14\debug\rc.write.1.tlog
c:\users\desaf\documents\visual studio 2010\projects\lab14\lab14\debug\vc100.idb
c:\users\desaf\documents\visual studio 2010\projects\lab14\lab14\debug\lab14_manifest.rc
