c:\users\desaf\documents\visual studio 2010\projects\shablfun\shablfun\debug\shablfun.pch
c:\users\desaf\documents\visual studio 2010\projects\shablfun\shablfun\debug\stdafx.obj
c:\users\desaf\documents\visual studio 2010\projects\shablfun\shablfun\debug\vc100.pdb
c:\users\desaf\documents\visual studio 2010\projects\shablfun\shablfun\debug\shablfun.obj
c:\users\desaf\documents\visual studio 2010\projects\shablfun\debug\shablfun.ilk
c:\users\desaf\documents\visual studio 2010\projects\shablfun\debug\shablfun.exe
c:\users\desaf\documents\visual studio 2010\projects\shablfun\shablfun\debug\shablfun.exe.intermediate.manifest
c:\users\desaf\documents\visual studio 2010\projects\shablfun\debug\shablfun.pdb
c:\users\desaf\documents\visual studio 2010\projects\shablfun\shablfun\debug\shablfun.exe.embed.manifest
c:\users\desaf\documents\visual studio 2010\projects\shablfun\shablfun\debug\shablfun.exe.embed.manifest.res
c:\users\desaf\documents\visual studio 2015\projects\shablfun\shablfun\debug\shablfun.pch
c:\users\desaf\documents\visual studio 2015\projects\shablfun\shablfun\debug\vc140.pdb
c:\users\desaf\documents\visual studio 2015\projects\shablfun\shablfun\debug\vc140.idb
c:\users\desaf\documents\visual studio 2015\projects\shablfun\shablfun\debug\stdafx.obj
c:\users\desaf\documents\visual studio 2015\projects\shablfun\shablfun\debug\shablfun.obj
c:\users\desaf\documents\visual studio 2015\projects\shablfun\shablfun\debug\shablfun.vcxprojresolveassemblyreference.cache
c:\users\desaf\documents\visual studio 2015\projects\shablfun\shablfun\debug\cl.command.1.tlog
c:\users\desaf\documents\visual studio 2015\projects\shablfun\shablfun\debug\cl.read.1.tlog
c:\users\desaf\documents\visual studio 2015\projects\shablfun\shablfun\debug\cl.write.1.tlog
c:\users\desaf\documents\visual studio 2015\projects\shablfun\shablfun\debug\link-cvtres.read.1.tlog
c:\users\desaf\documents\visual studio 2015\projects\shablfun\shablfun\debug\link-cvtres.write.1.tlog
c:\users\desaf\documents\visual studio 2015\projects\shablfun\shablfun\debug\link.2708-cvtres.read.1.tlog
c:\users\desaf\documents\visual studio 2015\projects\shablfun\shablfun\debug\link.2708-cvtres.write.1.tlog
c:\users\desaf\documents\visual studio 2015\projects\shablfun\shablfun\debug\link.2708.read.1.tlog
c:\users\desaf\documents\visual studio 2015\projects\shablfun\shablfun\debug\link.2708.write.1.tlog
c:\users\desaf\documents\visual studio 2015\projects\shablfun\shablfun\debug\link.4088-cvtres.read.1.tlog
c:\users\desaf\documents\visual studio 2015\projects\shablfun\shablfun\debug\link.4088-cvtres.write.1.tlog
c:\users\desaf\documents\visual studio 2015\projects\shablfun\shablfun\debug\link.4088.read.1.tlog
c:\users\desaf\documents\visual studio 2015\projects\shablfun\shablfun\debug\link.4088.write.1.tlog
c:\users\desaf\documents\visual studio 2015\projects\shablfun\shablfun\debug\link.command.1.tlog
c:\users\desaf\documents\visual studio 2015\projects\shablfun\shablfun\debug\link.read.1.tlog
c:\users\desaf\documents\visual studio 2015\projects\shablfun\shablfun\debug\link.write.1.tlog
c:\users\desaf\documents\visual studio 2015\projects\shablfun\shablfun\debug\mt.command.1.tlog
c:\users\desaf\documents\visual studio 2015\projects\shablfun\shablfun\debug\mt.read.1.tlog
c:\users\desaf\documents\visual studio 2015\projects\shablfun\shablfun\debug\mt.write.1.tlog
c:\users\desaf\documents\visual studio 2015\projects\shablfun\shablfun\debug\rc.command.1.tlog
c:\users\desaf\documents\visual studio 2015\projects\shablfun\shablfun\debug\rc.read.1.tlog
c:\users\desaf\documents\visual studio 2015\projects\shablfun\shablfun\debug\rc.write.1.tlog
c:\users\desaf\documents\visual studio 2015\projects\shablfun\shablfun\debug\shablfun.write.1.tlog
c:\users\desaf\documents\visual studio 2015\projects\shablfun\shablfun\debug\shablfun.exe.embed.manifest
c:\users\desaf\documents\visual studio 2015\projects\shablfun\shablfun\debug\shablfun.exe.intermediate.manifest
c:\users\desaf\documents\visual studio 2015\projects\shablfun\shablfun\debug\shablfun.exe.embed.manifest.res
c:\users\desaf\documents\visual studio 2015\projects\shablfun\shablfun\debug\vc100.idb
c:\users\desaf\documents\visual studio 2015\projects\shablfun\shablfun\debug\vc100.pdb
c:\users\desaf\documents\visual studio 2015\projects\shablfun\shablfun\debug\shablfun_manifest.rc
c:\users\desaf\documents\visual studio 2015\projects\shablfun\debug\shablfun.pdb
c:\users\desaf\documents\visual studio 2015\projects\shablfun\shablfun\debug\shablfun.tlog\cl.command.1.tlog
c:\users\desaf\documents\visual studio 2015\projects\shablfun\shablfun\debug\shablfun.tlog\cl.read.1.tlog
c:\users\desaf\documents\visual studio 2015\projects\shablfun\shablfun\debug\shablfun.tlog\cl.write.1.tlog
c:\users\desaf\documents\visual studio 2015\projects\shablfun\shablfun\debug\shablfun.tlog\link-cvtres.read.1.tlog
c:\users\desaf\documents\visual studio 2015\projects\shablfun\shablfun\debug\shablfun.tlog\link-cvtres.write.1.tlog
c:\users\desaf\documents\visual studio 2015\projects\shablfun\shablfun\debug\shablfun.tlog\link-rc.read.1.tlog
c:\users\desaf\documents\visual studio 2015\projects\shablfun\shablfun\debug\shablfun.tlog\link-rc.write.1.tlog
c:\users\desaf\documents\visual studio 2015\projects\shablfun\shablfun\debug\shablfun.tlog\link.command.1.tlog
c:\users\desaf\documents\visual studio 2015\projects\shablfun\shablfun\debug\shablfun.tlog\link.read.1.tlog
c:\users\desaf\documents\visual studio 2015\projects\shablfun\shablfun\debug\shablfun.tlog\link.write.1.tlog
