Построение начато 24.11.2017 19:07:24.
     1>Проект "c:\Users\Desaf\documents\visual studio 2010\Projects\Lab9\Lab9\Lab9.vcxproj" в узле 2 (целевые объекты build).
     1>InitializeBuildStatus:
         Создание "Debug\Lab9.unsuccessfulbuild", так как было задано "AlwaysCreate".
       ClCompile:
         Для всех выходных данных обновления не требуется.
         C:\Program Files (x86)\Microsoft Visual Studio 10.0\VC\bin\CL.exe /c /ZI /nologo /W3 /WX- /Od /Oy- /D WIN32 /D _DEBUG /D _CONSOLE /D _UNICODE /D UNICODE /Gm /EHsc /RTC1 /MDd /GS /fp:precise /Zc:wchar_t /Zc:forScope /Yu"StdAfx.h" /Fp"Debug\Lab9.pch" /Fo"Debug\\" /Fd"Debug\vc100.pdb" /Gd /TP /analyze- /errorReport:prompt Lab9.cpp
         Lab9.cpp
     1>c:\users\desaf\documents\visual studio 2010\projects\lab9\lab9\lab9.cpp(23): warning C4244: аргумент: преобразование "time_t" в "unsigned int", возможна потеря данных
       ManifestResourceCompile:
         Для всех выходных данных обновления не требуется.
       Link:
         C:\Program Files (x86)\Microsoft Visual Studio 10.0\VC\bin\link.exe /ERRORREPORT:PROMPT /OUT:"c:\users\desaf\documents\visual studio 2010\Projects\Lab9\Debug\Lab9.exe" /INCREMENTAL /NOLOGO kernel32.lib user32.lib gdi32.lib winspool.lib comdlg32.lib advapi32.lib shell32.lib ole32.lib oleaut32.lib uuid.lib odbc32.lib odbccp32.lib /MANIFEST /ManifestFile:"Debug\Lab9.exe.intermediate.manifest" /MANIFESTUAC:"level='asInvoker' uiAccess='false'" /DEBUG /PDB:"c:\users\desaf\documents\visual studio 2010\Projects\Lab9\Debug\Lab9.pdb" /SUBSYSTEM:CONSOLE /TLBID:1 /DYNAMICBASE /NXCOMPAT /IMPLIB:"c:\users\desaf\documents\visual studio 2010\Projects\Lab9\Debug\Lab9.lib" /MACHINE:X86 Debug\Lab9.exe.embed.manifest.res
         Debug\Lab9.obj
         Debug\stdafx.obj
       Manifest:
         C:\Program Files (x86)\Microsoft SDKs\Windows\v7.0A\bin\mt.exe /nologo /verbose /out:"Debug\Lab9.exe.embed.manifest" /manifest Debug\Lab9.exe.intermediate.manifest
         Для всех выходных данных обновления не требуется.
       LinkEmbedManifest:
         Для всех выходных данных обновления не требуется.
         Lab9.vcxproj -> c:\users\desaf\documents\visual studio 2010\Projects\Lab9\Debug\Lab9.exe
       FinalizeBuildStatus:
         Файл "Debug\Lab9.unsuccessfulbuild" удаляется.
         Обращение к "Debug\Lab9.lastbuildstate".
     1>Построение проекта "c:\Users\Desaf\documents\visual studio 2010\Projects\Lab9\Lab9\Lab9.vcxproj" завершено (целевые объекты build).

Построение успешно завершено.

Затраченное время: 00:00:01.34
