Построение начато 28.11.2017 12:22:36.
     1>Проект "C:\Users\Desaf\Documents\Visual Studio 2010\Projects\Lab10\Lab10\Lab10.vcxproj" в узле 2 (целевые объекты build).
     1>InitializeBuildStatus:
         Создание "Debug\Lab10.unsuccessfulbuild", так как было задано "AlwaysCreate".
       ClCompile:
         Для всех выходных данных обновления не требуется.
         C:\Program Files (x86)\Microsoft Visual Studio 10.0\VC\bin\CL.exe /c /ZI /nologo /W3 /WX- /Od /Oy- /D WIN32 /D _DEBUG /D _CONSOLE /D _UNICODE /D UNICODE /Gm /EHsc /RTC1 /MDd /GS /fp:precise /Zc:wchar_t /Zc:forScope /Yu"StdAfx.h" /Fp"Debug\Lab10.pch" /Fo"Debug\\" /Fd"Debug\vc100.pdb" /Gd /TP /analyze- /errorReport:prompt Lab10.cpp
         Lab10.cpp
     1>c:\users\desaf\documents\visual studio 2010\projects\lab10\lab10\lab10.cpp(34): warning C4244: аргумент: преобразование "time_t" в "unsigned int", возможна потеря данных
     1>c:\users\desaf\documents\visual studio 2010\projects\lab10\lab10\lab10.cpp(43): warning C4244: аргумент: преобразование "time_t" в "unsigned int", возможна потеря данных
     1>c:\users\desaf\documents\visual studio 2010\projects\lab10\lab10\lab10.cpp(76): warning C4244: инициализация: преобразование "double" в "int", возможна потеря данных
                 c:\users\desaf\documents\visual studio 2010\projects\lab10\lab10\lab10.cpp(60): см. ссылку на создание экземпляров функции шаблон при компиляции "T Max<double>(T **,int)"
                 with
                 [
                     T=double
                 ]
     1>c:\users\desaf\documents\visual studio 2010\projects\lab10\lab10\lab10.cpp(81): warning C4244: =: преобразование "double" в "int", возможна потеря данных
       ManifestResourceCompile:
         Для всех выходных данных обновления не требуется.
       Link:
         C:\Program Files (x86)\Microsoft Visual Studio 10.0\VC\bin\link.exe /ERRORREPORT:PROMPT /OUT:"C:\Users\Desaf\Documents\Visual Studio 2010\Projects\Lab10\Debug\Lab10.exe" /INCREMENTAL /NOLOGO kernel32.lib user32.lib gdi32.lib winspool.lib comdlg32.lib advapi32.lib shell32.lib ole32.lib oleaut32.lib uuid.lib odbc32.lib odbccp32.lib /MANIFEST /ManifestFile:"Debug\Lab10.exe.intermediate.manifest" /MANIFESTUAC:"level='asInvoker' uiAccess='false'" /DEBUG /PDB:"C:\Users\Desaf\Documents\Visual Studio 2010\Projects\Lab10\Debug\Lab10.pdb" /SUBSYSTEM:CONSOLE /TLBID:1 /DYNAMICBASE /NXCOMPAT /IMPLIB:"C:\Users\Desaf\Documents\Visual Studio 2010\Projects\Lab10\Debug\Lab10.lib" /MACHINE:X86 Debug\Lab10.exe.embed.manifest.res
         Debug\Lab10.obj
         Debug\stdafx.obj
       Manifest:
         C:\Program Files (x86)\Microsoft SDKs\Windows\v7.0A\bin\mt.exe /nologo /verbose /out:"Debug\Lab10.exe.embed.manifest" /manifest Debug\Lab10.exe.intermediate.manifest
         Для всех выходных данных обновления не требуется.
       LinkEmbedManifest:
         Для всех выходных данных обновления не требуется.
         Lab10.vcxproj -> C:\Users\Desaf\Documents\Visual Studio 2010\Projects\Lab10\Debug\Lab10.exe
       FinalizeBuildStatus:
         Файл "Debug\Lab10.unsuccessfulbuild" удаляется.
         Обращение к "Debug\Lab10.lastbuildstate".
     1>Построение проекта "C:\Users\Desaf\Documents\Visual Studio 2010\Projects\Lab10\Lab10\Lab10.vcxproj" завершено (целевые объекты build).

Построение успешно завершено.

Затраченное время: 00:00:01.42
