Построение начато 12.12.2017 9:44:35.
     1>Проект "c:\Users\Desaf\documents\visual studio 2010\Projects\Pract7\Pract7\Pract7.vcxproj" в узле 2 (целевые объекты build).
     1>InitializeBuildStatus:
         Создание "Debug\Pract7.unsuccessfulbuild", так как было задано "AlwaysCreate".
       ClCompile:
         Для всех выходных данных обновления не требуется.
         C:\Program Files (x86)\Microsoft Visual Studio 10.0\VC\bin\CL.exe /c /ZI /nologo /W3 /WX- /Od /Oy- /D WIN32 /D _DEBUG /D _CONSOLE /D _UNICODE /D UNICODE /Gm /EHsc /RTC1 /MDd /GS /fp:precise /Zc:wchar_t /Zc:forScope /Yu"StdAfx.h" /Fp"Debug\Pract7.pch" /Fo"Debug\\" /Fd"Debug\vc100.pdb" /Gd /TP /analyze- /errorReport:prompt Pract7.cpp
         Pract7.cpp
     1>c:\users\desaf\documents\visual studio 2010\projects\pract7\pract7\pract7.cpp(22): warning C4244: аргумент: преобразование "time_t" в "unsigned int", возможна потеря данных
       ManifestResourceCompile:
         Для всех выходных данных обновления не требуется.
       Link:
         C:\Program Files (x86)\Microsoft Visual Studio 10.0\VC\bin\link.exe /ERRORREPORT:PROMPT /OUT:"c:\users\desaf\documents\visual studio 2010\Projects\Pract7\Debug\Pract7.exe" /INCREMENTAL /NOLOGO kernel32.lib user32.lib gdi32.lib winspool.lib comdlg32.lib advapi32.lib shell32.lib ole32.lib oleaut32.lib uuid.lib odbc32.lib odbccp32.lib /MANIFEST /ManifestFile:"Debug\Pract7.exe.intermediate.manifest" /MANIFESTUAC:"level='asInvoker' uiAccess='false'" /DEBUG /PDB:"c:\users\desaf\documents\visual studio 2010\Projects\Pract7\Debug\Pract7.pdb" /SUBSYSTEM:CONSOLE /TLBID:1 /DYNAMICBASE /NXCOMPAT /IMPLIB:"c:\users\desaf\documents\visual studio 2010\Projects\Pract7\Debug\Pract7.lib" /MACHINE:X86 Debug\Pract7.exe.embed.manifest.res
         Debug\Pract7.obj
         Debug\stdafx.obj
       Manifest:
         C:\Program Files (x86)\Microsoft SDKs\Windows\v7.0A\bin\mt.exe /nologo /verbose /out:"Debug\Pract7.exe.embed.manifest" /manifest Debug\Pract7.exe.intermediate.manifest
         Для всех выходных данных обновления не требуется.
       LinkEmbedManifest:
         Для всех выходных данных обновления не требуется.
         Pract7.vcxproj -> c:\users\desaf\documents\visual studio 2010\Projects\Pract7\Debug\Pract7.exe
       FinalizeBuildStatus:
         Файл "Debug\Pract7.unsuccessfulbuild" удаляется.
         Обращение к "Debug\Pract7.lastbuildstate".
     1>Построение проекта "c:\Users\Desaf\documents\visual studio 2010\Projects\Pract7\Pract7\Pract7.vcxproj" завершено (целевые объекты build).

Построение успешно завершено.

Затраченное время: 00:00:01.42
