C:\USERS\DESAF\DOCUMENTS\VISUAL STUDIO 2010\PROJECTS\LAB2\DEBUG\LAB2.EXE
C:\USERS\DESAF\DOCUMENTS\VISUAL STUDIO 2010\PROJECTS\LAB2\DEBUG\LAB2.ILK
C:\USERS\DESAF\DOCUMENTS\VISUAL STUDIO 2010\PROJECTS\LAB2\DEBUG\LAB2.PDB
C:\USERS\DESAF\DOCUMENTS\VISUAL STUDIO 2010\PROJECTS\LAB2\LAB2\DEBUG\LAB2.EXE.EMBED.MANIFEST
C:\USERS\DESAF\DOCUMENTS\VISUAL STUDIO 2010\PROJECTS\LAB2\LAB2\DEBUG\LAB2.EXE.EMBED.MANIFEST.RES
C:\USERS\DESAF\DOCUMENTS\VISUAL STUDIO 2010\PROJECTS\LAB2\LAB2\DEBUG\LAB2.EXE.INTERMEDIATE.MANIFEST
C:\USERS\DESAF\DOCUMENTS\VISUAL STUDIO 2010\PROJECTS\LAB2\LAB2\DEBUG\LAB2.OBJ
C:\USERS\DESAF\DOCUMENTS\VISUAL STUDIO 2010\PROJECTS\LAB2\LAB2\DEBUG\VC100.PDB
I:\C++\Лаб №2\LAB2\DEBUG\LAB2.EXE
I:\C++\Лаб №2\LAB2\DEBUG\LAB2.ILK
I:\C++\ЛАБ №2\LAB2\DEBUG\LAB2.PDB
I:\C++\Лаб №2\Lab2\Lab2\Debug\cl.command.1.tlog
I:\C++\Лаб №2\Lab2\Lab2\Debug\CL.read.1.tlog
I:\C++\Лаб №2\Lab2\Lab2\Debug\CL.write.1.tlog
I:\C++\Лаб №2\Lab2\Lab2\Debug\Lab2.exe.embed.manifest
I:\C++\Лаб №2\LAB2\LAB2\DEBUG\LAB2.EXE.EMBED.MANIFEST.RES
I:\C++\Лаб №2\LAB2\LAB2\DEBUG\LAB2.EXE.INTERMEDIATE.MANIFEST
I:\C++\Лаб №2\LAB2\LAB2\DEBUG\LAB2.OBJ
I:\C++\Лаб №2\Lab2\Lab2\Debug\Lab2.vcxprojResolveAssemblyReference.cache
I:\C++\Лаб №2\Lab2\Lab2\Debug\Lab2.write.1.tlog
I:\C++\Лаб №2\Lab2\Lab2\Debug\Lab2_manifest.rc
I:\C++\Лаб №2\Lab2\Lab2\Debug\link.4760.read.1.tlog
I:\C++\Лаб №2\Lab2\Lab2\Debug\link.4760.write.1.tlog
I:\C++\Лаб №2\Lab2\Lab2\Debug\link.4760-cvtres.read.1.tlog
I:\C++\Лаб №2\Lab2\Lab2\Debug\link.4760-cvtres.write.1.tlog
I:\C++\Лаб №2\Lab2\Lab2\Debug\link.command.1.tlog
I:\C++\Лаб №2\Lab2\Lab2\Debug\link.read.1.tlog
I:\C++\Лаб №2\Lab2\Lab2\Debug\link.write.1.tlog
I:\C++\Лаб №2\Lab2\Lab2\Debug\link-cvtres.read.1.tlog
I:\C++\Лаб №2\Lab2\Lab2\Debug\link-cvtres.write.1.tlog
I:\C++\Лаб №2\Lab2\Lab2\Debug\mt.command.1.tlog
I:\C++\Лаб №2\Lab2\Lab2\Debug\mt.read.1.tlog
I:\C++\Лаб №2\Lab2\Lab2\Debug\mt.write.1.tlog
I:\C++\Лаб №2\Lab2\Lab2\Debug\rc.command.1.tlog
I:\C++\Лаб №2\Lab2\Lab2\Debug\rc.read.1.tlog
I:\C++\Лаб №2\Lab2\Lab2\Debug\rc.write.1.tlog
I:\C++\Лаб №2\Lab2\Lab2\Debug\vc100.idb
I:\C++\ЛАБ №2\LAB2\LAB2\DEBUG\VC100.PDB
