c:\users\desaf\documents\visual studio 2010\projects\lle\lle\debug\lle.obj
c:\users\desaf\documents\visual studio 2010\projects\lle\lle\debug\vc100.pdb
c:\users\desaf\documents\visual studio 2010\projects\lle\debug\lle.exe
c:\users\desaf\documents\visual studio 2010\projects\lle\lle\debug\lle.exe.intermediate.manifest
c:\users\desaf\documents\visual studio 2010\projects\lle\debug\lle.pdb
c:\users\desaf\documents\visual studio 2010\projects\lle\lle\debug\lle.exe.embed.manifest.res
d:\visual studio\projects\degroject\experimental\lle\lle\debug\vc140.pdb
d:\visual studio\projects\degroject\experimental\lle\lle\debug\vc140.idb
d:\visual studio\projects\degroject\experimental\lle\lle\debug\lle.obj
d:\visual studio\projects\degroject\experimental\lle\lle\debug\lle.vcxprojresolveassemblyreference.cache
d:\visual studio\projects\degroject\experimental\lle\lle\debug\cl.command.1.tlog
d:\visual studio\projects\degroject\experimental\lle\lle\debug\cl.read.1.tlog
d:\visual studio\projects\degroject\experimental\lle\lle\debug\cl.write.1.tlog
d:\visual studio\projects\degroject\experimental\lle\lle\debug\link.command.1.tlog
d:\visual studio\projects\degroject\experimental\lle\lle\debug\link.read.1.tlog
d:\visual studio\projects\degroject\experimental\lle\lle\debug\link.write.1.tlog
d:\visual studio\projects\degroject\experimental\lle\lle\debug\lle.write.1.tlog
d:\visual studio\projects\degroject\experimental\lle\lle\debug\mt.command.1.tlog
d:\visual studio\projects\degroject\experimental\lle\lle\debug\mt.read.1.tlog
d:\visual studio\projects\degroject\experimental\lle\lle\debug\mt.write.1.tlog
d:\visual studio\projects\degroject\experimental\lle\lle\debug\rc.command.1.tlog
d:\visual studio\projects\degroject\experimental\lle\lle\debug\rc.read.1.tlog
d:\visual studio\projects\degroject\experimental\lle\lle\debug\rc.write.1.tlog
d:\visual studio\projects\degroject\experimental\lle\lle\debug\lle.exe.embed.manifest
d:\visual studio\projects\degroject\experimental\lle\lle\debug\lle.exe.intermediate.manifest
d:\visual studio\projects\degroject\experimental\lle\lle\debug\vc100.idb
d:\visual studio\projects\degroject\experimental\lle\lle\debug\vc100.pdb
d:\visual studio\projects\degroject\experimental\lle\lle\debug\lle_manifest.rc
d:\visual studio\projects\degroject\experimental\lle\debug\lle.pdb
d:\visual studio\projects\degroject\experimental\lle\lle\debug\lle.tlog\cl.command.1.tlog
d:\visual studio\projects\degroject\experimental\lle\lle\debug\lle.tlog\cl.read.1.tlog
d:\visual studio\projects\degroject\experimental\lle\lle\debug\lle.tlog\cl.write.1.tlog
d:\visual studio\projects\degroject\experimental\lle\lle\debug\lle.tlog\link-cvtres.read.1.tlog
d:\visual studio\projects\degroject\experimental\lle\lle\debug\lle.tlog\link-cvtres.write.1.tlog
d:\visual studio\projects\degroject\experimental\lle\lle\debug\lle.tlog\link-rc.read.1.tlog
d:\visual studio\projects\degroject\experimental\lle\lle\debug\lle.tlog\link-rc.write.1.tlog
d:\visual studio\projects\degroject\experimental\lle\lle\debug\lle.tlog\link.command.1.tlog
d:\visual studio\projects\degroject\experimental\lle\lle\debug\lle.tlog\link.read.1.tlog
d:\visual studio\projects\degroject\experimental\lle\lle\debug\lle.tlog\link.write.1.tlog
